This file contains any messages produced by compilers while
running configure, to aid debugging if configure makes a mistake.

It was created by libxls configure 1.6.2, which was
generated by GNU Autoconf 2.69.  Invocation command line was

  $ ./configure 

## --------- ##
## Platform. ##
## --------- ##

hostname = zz-virtual-machine
uname -m = x86_64
uname -r = 6.2.0-39-generic
uname -s = Linux
uname -v = #40~22.04.1-Ubuntu SMP PREEMPT_DYNAMIC Thu Nov 16 10:53:04 UTC 2

/usr/bin/uname -p = x86_64
/bin/uname -X     = unknown

/bin/arch              = x86_64
/usr/bin/arch -k       = unknown
/usr/convex/getsysinfo = unknown
/usr/bin/hostinfo      = unknown
/bin/machine           = unknown
/usr/bin/oslevel       = unknown
/bin/universe          = unknown

PATH: /home/zz/gcc-linaro-4.9.4-2017.01-x86_64_arm-linux-gnueabihf/bin
PATH: /home/zz/gcc-linaro-4.9.4-2017.01-x86_64_arm-linux-gnueabihf/bin
PATH: /usr/local/sbin
PATH: /usr/local/bin
PATH: /usr/sbin
PATH: /usr/bin
PATH: /sbin
PATH: /bin
PATH: /usr/games
PATH: /usr/local/games
PATH: /snap/bin
PATH: /snap/bin
PATH: /home/zz/valgrind-3.18.1/bin/


## ----------- ##
## Core tests. ##
## ----------- ##

configure:2514: checking for a BSD-compatible install
configure:2582: result: /usr/bin/install -c
configure:2593: checking whether build environment is sane
configure:2648: result: yes
configure:2799: checking for a thread-safe mkdir -p
configure:2838: result: /usr/bin/mkdir -p
configure:2845: checking for gawk
configure:2861: found /usr/bin/gawk
configure:2872: result: gawk
configure:2883: checking whether make sets $(MAKE)
configure:2905: result: yes
configure:2934: checking whether make supports nested variables
configure:2951: result: yes
configure:3088: checking whether make supports nested variables
configure:3105: result: yes
configure:3146: checking build system type
configure:3160: result: x86_64-pc-linux-gnu
configure:3180: checking host system type
configure:3193: result: x86_64-pc-linux-gnu
configure:3234: checking how to print strings
configure:3261: result: printf
configure:3294: checking for style of include used by make
configure:3322: result: GNU
configure:3393: checking for gcc
configure:3409: found /usr/bin/gcc
configure:3420: result: gcc
configure:3649: checking for C compiler version
configure:3658: gcc --version >&5
gcc (Ubuntu 11.4.0-1ubuntu1~22.04) 11.4.0
Copyright (C) 2021 Free Software Foundation, Inc.
This is free software; see the source for copying conditions.  There is NO
warranty; not even for MERCHANTABILITY or FITNESS FOR A PARTICULAR PURPOSE.

configure:3669: $? = 0
configure:3658: gcc -v >&5
Using built-in specs.
COLLECT_GCC=gcc
COLLECT_LTO_WRAPPER=/usr/lib/gcc/x86_64-linux-gnu/11/lto-wrapper
OFFLOAD_TARGET_NAMES=nvptx-none:amdgcn-amdhsa
OFFLOAD_TARGET_DEFAULT=1
Target: x86_64-linux-gnu
Configured with: ../src/configure -v --with-pkgversion='Ubuntu 11.4.0-1ubuntu1~22.04' --with-bugurl=file:///usr/share/doc/gcc-11/README.Bugs --enable-languages=c,ada,c++,go,brig,d,fortran,objc,obj-c++,m2 --prefix=/usr --with-gcc-major-version-only --program-suffix=-11 --program-prefix=x86_64-linux-gnu- --enable-shared --enable-linker-build-id --libexecdir=/usr/lib --without-included-gettext --enable-threads=posix --libdir=/usr/lib --enable-nls --enable-bootstrap --enable-clocale=gnu --enable-libstdcxx-debug --enable-libstdcxx-time=yes --with-default-libstdcxx-abi=new --enable-gnu-unique-object --disable-vtable-verify --enable-plugin --enable-default-pie --with-system-zlib --enable-libphobos-checking=release --with-target-system-zlib=auto --enable-objc-gc=auto --enable-multiarch --disable-werror --enable-cet --with-arch-32=i686 --with-abi=m64 --with-multilib-list=m32,m64,mx32 --enable-multilib --with-tune=generic --enable-offload-targets=nvptx-none=/build/gcc-11-XeT9lY/gcc-11-11.4.0/debian/tmp-nvptx/usr,amdgcn-amdhsa=/build/gcc-11-XeT9lY/gcc-11-11.4.0/debian/tmp-gcn/usr --without-cuda-driver --enable-checking=release --build=x86_64-linux-gnu --host=x86_64-linux-gnu --target=x86_64-linux-gnu --with-build-config=bootstrap-lto-lean --enable-link-serialization=2
Thread model: posix
Supported LTO compression algorithms: zlib zstd
gcc version 11.4.0 (Ubuntu 11.4.0-1ubuntu1~22.04) 
... rest of stderr output deleted ...
configure:3669: $? = 0
configure:3658: gcc -V >&5
gcc: error: unrecognized command-line option '-V'
gcc: fatal error: no input files
compilation terminated.
configure:3669: $? = 1
configure:3658: gcc -qversion >&5
gcc: error: unrecognized command-line option '-qversion'; did you mean '--version'?
gcc: fatal error: no input files
compilation terminated.
configure:3669: $? = 1
configure:3689: checking whether the C compiler works
configure:3711: gcc    conftest.c  >&5
configure:3715: $? = 0
configure:3763: result: yes
configure:3766: checking for C compiler default output file name
configure:3768: result: a.out
configure:3774: checking for suffix of executables
configure:3781: gcc -o conftest    conftest.c  >&5
configure:3785: $? = 0
configure:3807: result: 
configure:3829: checking whether we are cross compiling
configure:3837: gcc -o conftest    conftest.c  >&5
configure:3841: $? = 0
configure:3848: ./conftest
configure:3852: $? = 0
configure:3867: result: no
configure:3872: checking for suffix of object files
configure:3894: gcc -c   conftest.c >&5
configure:3898: $? = 0
configure:3919: result: o
configure:3923: checking whether we are using the GNU C compiler
configure:3942: gcc -c   conftest.c >&5
configure:3942: $? = 0
configure:3951: result: yes
configure:3960: checking whether gcc accepts -g
configure:3980: gcc -c -g  conftest.c >&5
configure:3980: $? = 0
configure:4021: result: yes
configure:4038: checking for gcc option to accept ISO C89
configure:4101: gcc  -c -g -O2  conftest.c >&5
configure:4101: $? = 0
configure:4114: result: none needed
configure:4139: checking whether gcc understands -c and -o together
configure:4161: gcc -c conftest.c -o conftest2.o
configure:4164: $? = 0
configure:4161: gcc -c conftest.c -o conftest2.o
configure:4164: $? = 0
configure:4176: result: yes
configure:4195: checking dependency style of gcc
configure:4306: result: gcc3
configure:4321: checking for a sed that does not truncate output
configure:4385: result: /usr/bin/sed
configure:4403: checking for grep that handles long lines and -e
configure:4461: result: /usr/bin/grep
configure:4466: checking for egrep
configure:4528: result: /usr/bin/grep -E
configure:4533: checking for fgrep
configure:4595: result: /usr/bin/grep -F
configure:4630: checking for ld used by gcc
configure:4697: result: /usr/bin/ld
configure:4704: checking if the linker (/usr/bin/ld) is GNU ld
configure:4719: result: yes
configure:4731: checking for BSD- or MS-compatible name lister (nm)
configure:4785: result: /usr/bin/nm -B
configure:4915: checking the name lister (/usr/bin/nm -B) interface
configure:4922: gcc -c -g -O2  conftest.c >&5
configure:4925: /usr/bin/nm -B "conftest.o"
configure:4928: output
0000000000000000 B some_variable
configure:4935: result: BSD nm
configure:4938: checking whether ln -s works
configure:4942: result: yes
configure:4950: checking the maximum length of command line arguments
configure:5081: result: 1572864
configure:5129: checking how to convert x86_64-pc-linux-gnu file names to x86_64-pc-linux-gnu format
configure:5169: result: func_convert_file_noop
configure:5176: checking how to convert x86_64-pc-linux-gnu file names to toolchain format
configure:5196: result: func_convert_file_noop
configure:5203: checking for /usr/bin/ld option to reload object files
configure:5210: result: -r
configure:5284: checking for objdump
configure:5300: found /usr/bin/objdump
configure:5311: result: objdump
configure:5340: checking how to recognize dependent libraries
configure:5540: result: pass_all
configure:5625: checking for dlltool
configure:5655: result: no
configure:5682: checking how to associate runtime and link libraries
configure:5709: result: printf %s\n
configure:5770: checking for ar
configure:5786: found /usr/bin/ar
configure:5797: result: ar
configure:5834: checking for archiver @FILE support
configure:5851: gcc -c -g -O2  conftest.c >&5
configure:5851: $? = 0
configure:5854: ar cru libconftest.a @conftest.lst >&5
ar: `u' modifier ignored since `D' is the default (see `U')
configure:5857: $? = 0
configure:5862: ar cru libconftest.a @conftest.lst >&5
ar: `u' modifier ignored since `D' is the default (see `U')
ar: conftest.o: No such file or directory
configure:5865: $? = 1
configure:5877: result: @
configure:5935: checking for strip
configure:5951: found /usr/bin/strip
configure:5962: result: strip
configure:6034: checking for ranlib
configure:6050: found /usr/bin/ranlib
configure:6061: result: ranlib
configure:6163: checking command to parse /usr/bin/nm -B output from gcc object
configure:6316: gcc -c -g -O2  conftest.c >&5
configure:6319: $? = 0
configure:6323: /usr/bin/nm -B conftest.o \| sed -n -e 's/^.*[ ]\([ABCDGIRSTW][ABCDGIRSTW]*\)[ ][ ]*\([_A-Za-z][_A-Za-z0-9]*\)$/\1 \2 \2/p' | sed '/ __gnu_lto/d' \> conftest.nm
configure:6326: $? = 0
configure:6392: gcc -o conftest -g -O2   conftest.c conftstm.o >&5
configure:6395: $? = 0
configure:6433: result: ok
configure:6480: checking for sysroot
configure:6510: result: no
configure:6517: checking for a working dd
configure:6555: result: /usr/bin/dd
configure:6559: checking how to truncate binary pipes
configure:6574: result: /usr/bin/dd bs=4096 count=1
configure:6710: gcc -c -g -O2  conftest.c >&5
configure:6713: $? = 0
configure:6903: checking for mt
configure:6919: found /usr/bin/mt
configure:6930: result: mt
configure:6953: checking if mt is a manifest tool
configure:6959: mt '-?'
configure:6967: result: no
configure:7644: checking how to run the C preprocessor
configure:7675: gcc -E  conftest.c
configure:7675: $? = 0
configure:7689: gcc -E  conftest.c
conftest.c:14:10: fatal error: ac_nonexistent.h: No such file or directory
   14 | #include <ac_nonexistent.h>
      |          ^~~~~~~~~~~~~~~~~~
compilation terminated.
configure:7689: $? = 1
configure: failed program was:
| /* confdefs.h */
| #define PACKAGE_NAME "libxls"
| #define PACKAGE_TARNAME "libxls"
| #define PACKAGE_VERSION "1.6.2"
| #define PACKAGE_STRING "libxls 1.6.2"
| #define PACKAGE_BUGREPORT "https://github.com/libxls/libxls/issues"
| #define PACKAGE_URL "https://github.com/libxls/libxls"
| #define LIBXLS_MAJOR_VERSION 1
| #define LIBXLS_MINOR_VERSION 6
| #define LIBXLS_MICRO_VERSION 2
| #define PACKAGE "libxls"
| #define VERSION "1.6.2"
| /* end confdefs.h.  */
| #include <ac_nonexistent.h>
configure:7714: result: gcc -E
configure:7734: gcc -E  conftest.c
configure:7734: $? = 0
configure:7748: gcc -E  conftest.c
conftest.c:14:10: fatal error: ac_nonexistent.h: No such file or directory
   14 | #include <ac_nonexistent.h>
      |          ^~~~~~~~~~~~~~~~~~
compilation terminated.
configure:7748: $? = 1
configure: failed program was:
| /* confdefs.h */
| #define PACKAGE_NAME "libxls"
| #define PACKAGE_TARNAME "libxls"
| #define PACKAGE_VERSION "1.6.2"
| #define PACKAGE_STRING "libxls 1.6.2"
| #define PACKAGE_BUGREPORT "https://github.com/libxls/libxls/issues"
| #define PACKAGE_URL "https://github.com/libxls/libxls"
| #define LIBXLS_MAJOR_VERSION 1
| #define LIBXLS_MINOR_VERSION 6
| #define LIBXLS_MICRO_VERSION 2
| #define PACKAGE "libxls"
| #define VERSION "1.6.2"
| /* end confdefs.h.  */
| #include <ac_nonexistent.h>
configure:7777: checking for ANSI C header files
configure:7797: gcc -c -g -O2  conftest.c >&5
configure:7797: $? = 0
configure:7870: gcc -o conftest -g -O2   conftest.c  >&5
configure:7870: $? = 0
configure:7870: ./conftest
configure:7870: $? = 0
configure:7881: result: yes
configure:7894: checking for sys/types.h
configure:7894: gcc -c -g -O2  conftest.c >&5
configure:7894: $? = 0
configure:7894: result: yes
configure:7894: checking for sys/stat.h
configure:7894: gcc -c -g -O2  conftest.c >&5
configure:7894: $? = 0
configure:7894: result: yes
configure:7894: checking for stdlib.h
configure:7894: gcc -c -g -O2  conftest.c >&5
configure:7894: $? = 0
configure:7894: result: yes
configure:7894: checking for string.h
configure:7894: gcc -c -g -O2  conftest.c >&5
configure:7894: $? = 0
configure:7894: result: yes
configure:7894: checking for memory.h
configure:7894: gcc -c -g -O2  conftest.c >&5
configure:7894: $? = 0
configure:7894: result: yes
configure:7894: checking for strings.h
configure:7894: gcc -c -g -O2  conftest.c >&5
configure:7894: $? = 0
configure:7894: result: yes
configure:7894: checking for inttypes.h
configure:7894: gcc -c -g -O2  conftest.c >&5
configure:7894: $? = 0
configure:7894: result: yes
configure:7894: checking for stdint.h
configure:7894: gcc -c -g -O2  conftest.c >&5
configure:7894: $? = 0
configure:7894: result: yes
configure:7894: checking for unistd.h
configure:7894: gcc -c -g -O2  conftest.c >&5
configure:7894: $? = 0
configure:7894: result: yes
configure:7908: checking for dlfcn.h
configure:7908: gcc -c -g -O2  conftest.c >&5
configure:7908: $? = 0
configure:7908: result: yes
configure:8461: checking for objdir
configure:8476: result: .libs
configure:8736: checking if gcc supports -fno-rtti -fno-exceptions
configure:8754: gcc -c -g -O2  -fno-rtti -fno-exceptions conftest.c >&5
cc1: warning: command-line option '-fno-rtti' is valid for C++/D/ObjC++ but not for C
configure:8758: $? = 0
configure:8771: result: no
configure:9129: checking for gcc option to produce PIC
configure:9136: result: -fPIC -DPIC
configure:9144: checking if gcc PIC flag -fPIC -DPIC works
configure:9162: gcc -c -g -O2  -fPIC -DPIC -DPIC conftest.c >&5
configure:9166: $? = 0
configure:9179: result: yes
configure:9208: checking if gcc static flag -static works
configure:9236: result: yes
configure:9251: checking if gcc supports -c -o file.o
configure:9272: gcc -c -g -O2  -o out/conftest2.o conftest.c >&5
configure:9276: $? = 0
configure:9298: result: yes
configure:9306: checking if gcc supports -c -o file.o
configure:9353: result: yes
configure:9386: checking whether the gcc linker (/usr/bin/ld -m elf_x86_64) supports shared libraries
configure:10645: result: yes
configure:10682: checking whether -lc should be explicitly linked in
configure:10690: gcc -c -g -O2  conftest.c >&5
configure:10693: $? = 0
configure:10708: gcc -shared  -fPIC -DPIC conftest.o  -v -Wl,-soname -Wl,conftest -o conftest 2\>\&1 \| /usr/bin/grep  -lc  \>/dev/null 2\>\&1
configure:10711: $? = 0
configure:10725: result: no
configure:10885: checking dynamic linker characteristics
configure:11466: gcc -o conftest -g -O2   -Wl,-rpath -Wl,/foo conftest.c  >&5
configure:11466: $? = 0
configure:11703: result: GNU/Linux ld.so
configure:11825: checking how to hardcode library paths into programs
configure:11850: result: immediate
configure:12398: checking whether stripping libraries is possible
configure:12403: result: yes
configure:12438: checking if libtool supports shared libraries
configure:12440: result: yes
configure:12443: checking whether to build shared libraries
configure:12468: result: yes
configure:12471: checking whether to build static libraries
configure:12475: result: no
configure:12569: checking for gcc
configure:12596: result: gcc
configure:12825: checking for C compiler version
configure:12834: gcc --version >&5
gcc (Ubuntu 11.4.0-1ubuntu1~22.04) 11.4.0
Copyright (C) 2021 Free Software Foundation, Inc.
This is free software; see the source for copying conditions.  There is NO
warranty; not even for MERCHANTABILITY or FITNESS FOR A PARTICULAR PURPOSE.

configure:12845: $? = 0
configure:12834: gcc -v >&5
Using built-in specs.
COLLECT_GCC=gcc
COLLECT_LTO_WRAPPER=/usr/lib/gcc/x86_64-linux-gnu/11/lto-wrapper
OFFLOAD_TARGET_NAMES=nvptx-none:amdgcn-amdhsa
OFFLOAD_TARGET_DEFAULT=1
Target: x86_64-linux-gnu
Configured with: ../src/configure -v --with-pkgversion='Ubuntu 11.4.0-1ubuntu1~22.04' --with-bugurl=file:///usr/share/doc/gcc-11/README.Bugs --enable-languages=c,ada,c++,go,brig,d,fortran,objc,obj-c++,m2 --prefix=/usr --with-gcc-major-version-only --program-suffix=-11 --program-prefix=x86_64-linux-gnu- --enable-shared --enable-linker-build-id --libexecdir=/usr/lib --without-included-gettext --enable-threads=posix --libdir=/usr/lib --enable-nls --enable-bootstrap --enable-clocale=gnu --enable-libstdcxx-debug --enable-libstdcxx-time=yes --with-default-libstdcxx-abi=new --enable-gnu-unique-object --disable-vtable-verify --enable-plugin --enable-default-pie --with-system-zlib --enable-libphobos-checking=release --with-target-system-zlib=auto --enable-objc-gc=auto --enable-multiarch --disable-werror --enable-cet --with-arch-32=i686 --with-abi=m64 --with-multilib-list=m32,m64,mx32 --enable-multilib --with-tune=generic --enable-offload-targets=nvptx-none=/build/gcc-11-XeT9lY/gcc-11-11.4.0/debian/tmp-nvptx/usr,amdgcn-amdhsa=/build/gcc-11-XeT9lY/gcc-11-11.4.0/debian/tmp-gcn/usr --without-cuda-driver --enable-checking=release --build=x86_64-linux-gnu --host=x86_64-linux-gnu --target=x86_64-linux-gnu --with-build-config=bootstrap-lto-lean --enable-link-serialization=2
Thread model: posix
Supported LTO compression algorithms: zlib zstd
gcc version 11.4.0 (Ubuntu 11.4.0-1ubuntu1~22.04) 
... rest of stderr output deleted ...
configure:12845: $? = 0
configure:12834: gcc -V >&5
gcc: error: unrecognized command-line option '-V'
gcc: fatal error: no input files
compilation terminated.
configure:12845: $? = 1
configure:12834: gcc -qversion >&5
gcc: error: unrecognized command-line option '-qversion'; did you mean '--version'?
gcc: fatal error: no input files
compilation terminated.
configure:12845: $? = 1
configure:12849: checking whether we are using the GNU C compiler
configure:12877: result: yes
configure:12886: checking whether gcc accepts -g
configure:12947: result: yes
configure:12964: checking for gcc option to accept ISO C89
configure:13040: result: none needed
configure:13065: checking whether gcc understands -c and -o together
configure:13102: result: yes
configure:13121: checking dependency style of gcc
configure:13232: result: gcc3
configure:13247: checking for gcc option to accept ISO C99
configure:13396: gcc  -c -g -O2  conftest.c >&5
configure:13396: $? = 0
configure:13409: result: none needed
configure:13482: checking for g++
configure:13498: found /usr/bin/g++
configure:13509: result: g++
configure:13536: checking for C++ compiler version
configure:13545: g++ --version >&5
g++ (Ubuntu 11.4.0-1ubuntu1~22.04) 11.4.0
Copyright (C) 2021 Free Software Foundation, Inc.
This is free software; see the source for copying conditions.  There is NO
warranty; not even for MERCHANTABILITY or FITNESS FOR A PARTICULAR PURPOSE.

configure:13556: $? = 0
configure:13545: g++ -v >&5
Using built-in specs.
COLLECT_GCC=g++
COLLECT_LTO_WRAPPER=/usr/lib/gcc/x86_64-linux-gnu/11/lto-wrapper
OFFLOAD_TARGET_NAMES=nvptx-none:amdgcn-amdhsa
OFFLOAD_TARGET_DEFAULT=1
Target: x86_64-linux-gnu
Configured with: ../src/configure -v --with-pkgversion='Ubuntu 11.4.0-1ubuntu1~22.04' --with-bugurl=file:///usr/share/doc/gcc-11/README.Bugs --enable-languages=c,ada,c++,go,brig,d,fortran,objc,obj-c++,m2 --prefix=/usr --with-gcc-major-version-only --program-suffix=-11 --program-prefix=x86_64-linux-gnu- --enable-shared --enable-linker-build-id --libexecdir=/usr/lib --without-included-gettext --enable-threads=posix --libdir=/usr/lib --enable-nls --enable-bootstrap --enable-clocale=gnu --enable-libstdcxx-debug --enable-libstdcxx-time=yes --with-default-libstdcxx-abi=new --enable-gnu-unique-object --disable-vtable-verify --enable-plugin --enable-default-pie --with-system-zlib --enable-libphobos-checking=release --with-target-system-zlib=auto --enable-objc-gc=auto --enable-multiarch --disable-werror --enable-cet --with-arch-32=i686 --with-abi=m64 --with-multilib-list=m32,m64,mx32 --enable-multilib --with-tune=generic --enable-offload-targets=nvptx-none=/build/gcc-11-XeT9lY/gcc-11-11.4.0/debian/tmp-nvptx/usr,amdgcn-amdhsa=/build/gcc-11-XeT9lY/gcc-11-11.4.0/debian/tmp-gcn/usr --without-cuda-driver --enable-checking=release --build=x86_64-linux-gnu --host=x86_64-linux-gnu --target=x86_64-linux-gnu --with-build-config=bootstrap-lto-lean --enable-link-serialization=2
Thread model: posix
Supported LTO compression algorithms: zlib zstd
gcc version 11.4.0 (Ubuntu 11.4.0-1ubuntu1~22.04) 
... rest of stderr output deleted ...
configure:13556: $? = 0
configure:13545: g++ -V >&5
g++: error: unrecognized command-line option '-V'
g++: fatal error: no input files
compilation terminated.
configure:13556: $? = 1
configure:13545: g++ -qversion >&5
g++: error: unrecognized command-line option '-qversion'; did you mean '--version'?
g++: fatal error: no input files
compilation terminated.
configure:13556: $? = 1
configure:13560: checking whether we are using the GNU C++ compiler
configure:13579: g++ -c   conftest.cpp >&5
configure:13579: $? = 0
configure:13588: result: yes
configure:13597: checking whether g++ accepts -g
configure:13617: g++ -c -g  conftest.cpp >&5
configure:13617: $? = 0
configure:13658: result: yes
configure:13683: checking dependency style of g++
configure:13794: result: gcc3
configure:13827: checking how to run the C++ preprocessor
configure:13854: g++ -E  conftest.cpp
configure:13854: $? = 0
configure:13868: g++ -E  conftest.cpp
conftest.cpp:26:10: fatal error: ac_nonexistent.h: No such file or directory
   26 | #include <ac_nonexistent.h>
      |          ^~~~~~~~~~~~~~~~~~
compilation terminated.
configure:13868: $? = 1
configure: failed program was:
| /* confdefs.h */
| #define PACKAGE_NAME "libxls"
| #define PACKAGE_TARNAME "libxls"
| #define PACKAGE_VERSION "1.6.2"
| #define PACKAGE_STRING "libxls 1.6.2"
| #define PACKAGE_BUGREPORT "https://github.com/libxls/libxls/issues"
| #define PACKAGE_URL "https://github.com/libxls/libxls"
| #define LIBXLS_MAJOR_VERSION 1
| #define LIBXLS_MINOR_VERSION 6
| #define LIBXLS_MICRO_VERSION 2
| #define PACKAGE "libxls"
| #define VERSION "1.6.2"
| #define STDC_HEADERS 1
| #define HAVE_SYS_TYPES_H 1
| #define HAVE_SYS_STAT_H 1
| #define HAVE_STDLIB_H 1
| #define HAVE_STRING_H 1
| #define HAVE_MEMORY_H 1
| #define HAVE_STRINGS_H 1
| #define HAVE_INTTYPES_H 1
| #define HAVE_STDINT_H 1
| #define HAVE_UNISTD_H 1
| #define HAVE_DLFCN_H 1
| #define LT_OBJDIR ".libs/"
| /* end confdefs.h.  */
| #include <ac_nonexistent.h>
configure:13893: result: g++ -E
configure:13913: g++ -E  conftest.cpp
configure:13913: $? = 0
configure:13927: g++ -E  conftest.cpp
conftest.cpp:26:10: fatal error: ac_nonexistent.h: No such file or directory
   26 | #include <ac_nonexistent.h>
      |          ^~~~~~~~~~~~~~~~~~
compilation terminated.
configure:13927: $? = 1
configure: failed program was:
| /* confdefs.h */
| #define PACKAGE_NAME "libxls"
| #define PACKAGE_TARNAME "libxls"
| #define PACKAGE_VERSION "1.6.2"
| #define PACKAGE_STRING "libxls 1.6.2"
| #define PACKAGE_BUGREPORT "https://github.com/libxls/libxls/issues"
| #define PACKAGE_URL "https://github.com/libxls/libxls"
| #define LIBXLS_MAJOR_VERSION 1
| #define LIBXLS_MINOR_VERSION 6
| #define LIBXLS_MICRO_VERSION 2
| #define PACKAGE "libxls"
| #define VERSION "1.6.2"
| #define STDC_HEADERS 1
| #define HAVE_SYS_TYPES_H 1
| #define HAVE_SYS_STAT_H 1
| #define HAVE_STDLIB_H 1
| #define HAVE_STRING_H 1
| #define HAVE_MEMORY_H 1
| #define HAVE_STRINGS_H 1
| #define HAVE_INTTYPES_H 1
| #define HAVE_STDINT_H 1
| #define HAVE_UNISTD_H 1
| #define HAVE_DLFCN_H 1
| #define LT_OBJDIR ".libs/"
| /* end confdefs.h.  */
| #include <ac_nonexistent.h>
configure:14089: checking for ld used by g++
configure:14156: result: /usr/bin/ld -m elf_x86_64
configure:14163: checking if the linker (/usr/bin/ld -m elf_x86_64) is GNU ld
configure:14178: result: yes
configure:14233: checking whether the g++ linker (/usr/bin/ld -m elf_x86_64) supports shared libraries
configure:15306: result: yes
configure:15342: g++ -c -g -O2  conftest.cpp >&5
configure:15345: $? = 0
configure:15826: checking for g++ option to produce PIC
configure:15833: result: -fPIC -DPIC
configure:15841: checking if g++ PIC flag -fPIC -DPIC works
configure:15859: g++ -c -g -O2  -fPIC -DPIC -DPIC conftest.cpp >&5
configure:15863: $? = 0
configure:15876: result: yes
configure:15899: checking if g++ static flag -static works
configure:15927: result: yes
configure:15939: checking if g++ supports -c -o file.o
configure:15960: g++ -c -g -O2  -o out/conftest2.o conftest.cpp >&5
configure:15964: $? = 0
configure:15986: result: yes
configure:15991: checking if g++ supports -c -o file.o
configure:16038: result: yes
configure:16068: checking whether the g++ linker (/usr/bin/ld -m elf_x86_64) supports shared libraries
configure:16108: result: yes
configure:16249: checking dynamic linker characteristics
configure:16994: result: GNU/Linux ld.so
configure:17059: checking how to hardcode library paths into programs
configure:17084: result: immediate
configure:17136: checking whether g++ supports C++11 features with -std=gnu++11
configure:17432: g++ -std=gnu++11 -c -g -O2  conftest.cpp >&5
configure:17432: $? = 0
configure:17441: result: yes
configure:17825: checking for strdup
configure:17825: gcc -o conftest -g -O2   conftest.c  >&5
conftest.c:50:6: warning: conflicting types for built-in function 'strdup'; expected 'char *(const char *)' [-Wbuiltin-declaration-mismatch]
   50 | char strdup ();
      |      ^~~~~~
configure:17825: $? = 0
configure:17825: result: yes
configure:17825: checking for wcstombs_l
configure:17825: gcc -o conftest -g -O2   conftest.c  >&5
/usr/bin/ld: /tmp/cc2buv65.o: in function `main':
/home/zz/code/measure/testCode02/cm/libxls-1.6.2/conftest.c:62: undefined reference to `wcstombs_l'
collect2: error: ld returned 1 exit status
configure:17825: $? = 1
configure: failed program was:
| /* confdefs.h */
| #define PACKAGE_NAME "libxls"
| #define PACKAGE_TARNAME "libxls"
| #define PACKAGE_VERSION "1.6.2"
| #define PACKAGE_STRING "libxls 1.6.2"
| #define PACKAGE_BUGREPORT "https://github.com/libxls/libxls/issues"
| #define PACKAGE_URL "https://github.com/libxls/libxls"
| #define LIBXLS_MAJOR_VERSION 1
| #define LIBXLS_MINOR_VERSION 6
| #define LIBXLS_MICRO_VERSION 2
| #define PACKAGE "libxls"
| #define VERSION "1.6.2"
| #define STDC_HEADERS 1
| #define HAVE_SYS_TYPES_H 1
| #define HAVE_SYS_STAT_H 1
| #define HAVE_STDLIB_H 1
| #define HAVE_STRING_H 1
| #define HAVE_MEMORY_H 1
| #define HAVE_STRINGS_H 1
| #define HAVE_INTTYPES_H 1
| #define HAVE_STDINT_H 1
| #define HAVE_UNISTD_H 1
| #define HAVE_DLFCN_H 1
| #define LT_OBJDIR ".libs/"
| #define HAVE_CXX11 1
| #define HAVE_STRDUP 1
| /* end confdefs.h.  */
| /* Define wcstombs_l to an innocuous variant, in case <limits.h> declares wcstombs_l.
|    For example, HP-UX 11i <limits.h> declares gettimeofday.  */
| #define wcstombs_l innocuous_wcstombs_l
| 
| /* System header to define __stub macros and hopefully few prototypes,
|     which can conflict with char wcstombs_l (); below.
|     Prefer <limits.h> to <assert.h> if __STDC__ is defined, since
|     <limits.h> exists even on freestanding compilers.  */
| 
| #ifdef __STDC__
| # include <limits.h>
| #else
| # include <assert.h>
| #endif
| 
| #undef wcstombs_l
| 
| /* Override any GCC internal prototype to avoid an error.
|    Use char because int might match the return type of a GCC
|    builtin and then its argument prototype would still apply.  */
| #ifdef __cplusplus
| extern "C"
| #endif
| char wcstombs_l ();
| /* The GNU C library defines this for functions which it implements
|     to always fail with ENOSYS.  Some functions are actually named
|     something starting with __ and the normal name is an alias.  */
| #if defined __stub_wcstombs_l || defined __stub___wcstombs_l
| choke me
| #endif
| 
| int
| main ()
| {
| return wcstombs_l ();
|   ;
|   return 0;
| }
configure:17825: result: no
configure:17837: checking wchar.h usability
configure:17837: gcc -c -g -O2  conftest.c >&5
configure:17837: $? = 0
configure:17837: result: yes
configure:17837: checking wchar.h presence
configure:17837: gcc -E  conftest.c
configure:17837: $? = 0
configure:17837: result: yes
configure:17837: checking for wchar.h
configure:17837: result: yes
configure:17837: checking xlocale.h usability
configure:17837: gcc -c -g -O2  conftest.c >&5
conftest.c:62:10: fatal error: xlocale.h: No such file or directory
   62 | #include <xlocale.h>
      |          ^~~~~~~~~~~
compilation terminated.
configure:17837: $? = 1
configure: failed program was:
| /* confdefs.h */
| #define PACKAGE_NAME "libxls"
| #define PACKAGE_TARNAME "libxls"
| #define PACKAGE_VERSION "1.6.2"
| #define PACKAGE_STRING "libxls 1.6.2"
| #define PACKAGE_BUGREPORT "https://github.com/libxls/libxls/issues"
| #define PACKAGE_URL "https://github.com/libxls/libxls"
| #define LIBXLS_MAJOR_VERSION 1
| #define LIBXLS_MINOR_VERSION 6
| #define LIBXLS_MICRO_VERSION 2
| #define PACKAGE "libxls"
| #define VERSION "1.6.2"
| #define STDC_HEADERS 1
| #define HAVE_SYS_TYPES_H 1
| #define HAVE_SYS_STAT_H 1
| #define HAVE_STDLIB_H 1
| #define HAVE_STRING_H 1
| #define HAVE_MEMORY_H 1
| #define HAVE_STRINGS_H 1
| #define HAVE_INTTYPES_H 1
| #define HAVE_STDINT_H 1
| #define HAVE_UNISTD_H 1
| #define HAVE_DLFCN_H 1
| #define LT_OBJDIR ".libs/"
| #define HAVE_CXX11 1
| #define HAVE_STRDUP 1
| #define HAVE_WCHAR_H 1
| /* end confdefs.h.  */
| #include <stdio.h>
| #ifdef HAVE_SYS_TYPES_H
| # include <sys/types.h>
| #endif
| #ifdef HAVE_SYS_STAT_H
| # include <sys/stat.h>
| #endif
| #ifdef STDC_HEADERS
| # include <stdlib.h>
| # include <stddef.h>
| #else
| # ifdef HAVE_STDLIB_H
| #  include <stdlib.h>
| # endif
| #endif
| #ifdef HAVE_STRING_H
| # if !defined STDC_HEADERS && defined HAVE_MEMORY_H
| #  include <memory.h>
| # endif
| # include <string.h>
| #endif
| #ifdef HAVE_STRINGS_H
| # include <strings.h>
| #endif
| #ifdef HAVE_INTTYPES_H
| # include <inttypes.h>
| #endif
| #ifdef HAVE_STDINT_H
| # include <stdint.h>
| #endif
| #ifdef HAVE_UNISTD_H
| # include <unistd.h>
| #endif
| #include <xlocale.h>
configure:17837: result: no
configure:17837: checking xlocale.h presence
configure:17837: gcc -E  conftest.c
conftest.c:29:10: fatal error: xlocale.h: No such file or directory
   29 | #include <xlocale.h>
      |          ^~~~~~~~~~~
compilation terminated.
configure:17837: $? = 1
configure: failed program was:
| /* confdefs.h */
| #define PACKAGE_NAME "libxls"
| #define PACKAGE_TARNAME "libxls"
| #define PACKAGE_VERSION "1.6.2"
| #define PACKAGE_STRING "libxls 1.6.2"
| #define PACKAGE_BUGREPORT "https://github.com/libxls/libxls/issues"
| #define PACKAGE_URL "https://github.com/libxls/libxls"
| #define LIBXLS_MAJOR_VERSION 1
| #define LIBXLS_MINOR_VERSION 6
| #define LIBXLS_MICRO_VERSION 2
| #define PACKAGE "libxls"
| #define VERSION "1.6.2"
| #define STDC_HEADERS 1
| #define HAVE_SYS_TYPES_H 1
| #define HAVE_SYS_STAT_H 1
| #define HAVE_STDLIB_H 1
| #define HAVE_STRING_H 1
| #define HAVE_MEMORY_H 1
| #define HAVE_STRINGS_H 1
| #define HAVE_INTTYPES_H 1
| #define HAVE_STDINT_H 1
| #define HAVE_UNISTD_H 1
| #define HAVE_DLFCN_H 1
| #define LT_OBJDIR ".libs/"
| #define HAVE_CXX11 1
| #define HAVE_STRDUP 1
| #define HAVE_WCHAR_H 1
| /* end confdefs.h.  */
| #include <xlocale.h>
configure:17837: result: no
configure:17837: checking for xlocale.h
configure:17837: result: no
configure:17849: checking for stdlib.h
configure:17849: result: yes
configure:17859: checking for GNU libc compatible malloc
configure:17883: gcc -o conftest -g -O2   conftest.c  >&5
configure:17883: $? = 0
configure:17883: ./conftest
configure:17883: $? = 0
configure:17893: result: yes
configure:17916: checking for stdlib.h
configure:17916: result: yes
configure:17926: checking for GNU libc compatible realloc
configure:17950: gcc -o conftest -g -O2   conftest.c  >&5
configure:17950: $? = 0
configure:17950: ./conftest
configure:17950: $? = 0
configure:17960: result: yes
configure:17981: checking for size_t
configure:17981: gcc -c -g -O2  conftest.c >&5
configure:17981: $? = 0
configure:17981: gcc -c -g -O2  conftest.c >&5
conftest.c: In function 'main':
conftest.c:69:21: error: expected expression before ')' token
   69 | if (sizeof ((size_t)))
      |                     ^
configure:17981: $? = 1
configure: failed program was:
| /* confdefs.h */
| #define PACKAGE_NAME "libxls"
| #define PACKAGE_TARNAME "libxls"
| #define PACKAGE_VERSION "1.6.2"
| #define PACKAGE_STRING "libxls 1.6.2"
| #define PACKAGE_BUGREPORT "https://github.com/libxls/libxls/issues"
| #define PACKAGE_URL "https://github.com/libxls/libxls"
| #define LIBXLS_MAJOR_VERSION 1
| #define LIBXLS_MINOR_VERSION 6
| #define LIBXLS_MICRO_VERSION 2
| #define PACKAGE "libxls"
| #define VERSION "1.6.2"
| #define STDC_HEADERS 1
| #define HAVE_SYS_TYPES_H 1
| #define HAVE_SYS_STAT_H 1
| #define HAVE_STDLIB_H 1
| #define HAVE_STRING_H 1
| #define HAVE_MEMORY_H 1
| #define HAVE_STRINGS_H 1
| #define HAVE_INTTYPES_H 1
| #define HAVE_STDINT_H 1
| #define HAVE_UNISTD_H 1
| #define HAVE_DLFCN_H 1
| #define LT_OBJDIR ".libs/"
| #define HAVE_CXX11 1
| #define HAVE_STRDUP 1
| #define HAVE_WCHAR_H 1
| #define HAVE_STDLIB_H 1
| #define HAVE_MALLOC 1
| #define HAVE_STDLIB_H 1
| #define HAVE_REALLOC 1
| /* end confdefs.h.  */
| #include <stdio.h>
| #ifdef HAVE_SYS_TYPES_H
| # include <sys/types.h>
| #endif
| #ifdef HAVE_SYS_STAT_H
| # include <sys/stat.h>
| #endif
| #ifdef STDC_HEADERS
| # include <stdlib.h>
| # include <stddef.h>
| #else
| # ifdef HAVE_STDLIB_H
| #  include <stdlib.h>
| # endif
| #endif
| #ifdef HAVE_STRING_H
| # if !defined STDC_HEADERS && defined HAVE_MEMORY_H
| #  include <memory.h>
| # endif
| # include <string.h>
| #endif
| #ifdef HAVE_STRINGS_H
| # include <strings.h>
| #endif
| #ifdef HAVE_INTTYPES_H
| # include <inttypes.h>
| #endif
| #ifdef HAVE_STDINT_H
| # include <stdint.h>
| #endif
| #ifdef HAVE_UNISTD_H
| # include <unistd.h>
| #endif
| int
| main ()
| {
| if (sizeof ((size_t)))
| 	    return 0;
|   ;
|   return 0;
| }
configure:17981: result: yes
configure:18093: checking for ld used by gcc
configure:18160: result: /usr/bin/ld -m elf_x86_64
configure:18167: checking if the linker (/usr/bin/ld -m elf_x86_64) is GNU ld
configure:18182: result: yes
configure:18189: checking for shared library run path origin
configure:18202: result: done
configure:18780: checking for iconv
configure:18804: gcc -o conftest -g -O2   conftest.c  >&5
configure:18804: $? = 0
configure:18838: result: yes
configure:18841: checking for working iconv
configure:18970: gcc -o conftest -g -O2   conftest.c  >&5
configure:18970: $? = 0
configure:18970: ./conftest
configure:18970: $? = 0
configure:18982: result: yes
configure:19010: checking for iconv declaration
configure:19039: gcc -c -g -O2  conftest.c >&5
configure:19039: $? = 0
configure:19050: result:
         extern size_t iconv (iconv_t cd, char * *inbuf, size_t *inbytesleft, char * *outbuf, size_t *outbytesleft);
configure:19187: checking that generated files are newer than configure
configure:19193: result: done
configure:19232: creating ./config.status

## ---------------------- ##
## Running config.status. ##
## ---------------------- ##

This file was extended by libxls config.status 1.6.2, which was
generated by GNU Autoconf 2.69.  Invocation command line was

  CONFIG_FILES    = 
  CONFIG_HEADERS  = 
  CONFIG_LINKS    = 
  CONFIG_COMMANDS = 
  $ ./config.status 

on zz-virtual-machine

config.status:1177: creating Makefile
config.status:1177: creating libxls.pc
config.status:1177: creating config.h
config.status:1406: executing depfiles commands
config.status:1406: executing libtool commands
configure:21648: ---
configure:21650: catdoc users: avoid xls2csv conflicts, use ./configure --program-prefix=lib to get libxls2csv
configure:21652: ---
configure:21665: result:
Configuration:

C compiler: gcc
C++ compiler: g++ -std=gnu++11
CFLAGS: -g -O2
CXXFLAGS: -g -O2
LIBS:  

Host: x86_64-pc-linux-gnu
Extra ld flags: 

## ---------------- ##
## Cache variables. ##
## ---------------- ##

ac_cv_build=x86_64-pc-linux-gnu
ac_cv_c_compiler_gnu=yes
ac_cv_cxx_compiler_gnu=yes
ac_cv_env_CCC_set=
ac_cv_env_CCC_value=
ac_cv_env_CC_set=
ac_cv_env_CC_value=
ac_cv_env_CFLAGS_set=
ac_cv_env_CFLAGS_value=
ac_cv_env_CPPFLAGS_set=
ac_cv_env_CPPFLAGS_value=
ac_cv_env_CPP_set=
ac_cv_env_CPP_value=
ac_cv_env_CXXCPP_set=
ac_cv_env_CXXCPP_value=
ac_cv_env_CXXFLAGS_set=
ac_cv_env_CXXFLAGS_value=
ac_cv_env_CXX_set=
ac_cv_env_CXX_value=
ac_cv_env_LDFLAGS_set=
ac_cv_env_LDFLAGS_value=
ac_cv_env_LIBS_set=
ac_cv_env_LIBS_value=
ac_cv_env_LIB_FUZZING_ENGINE_set=
ac_cv_env_LIB_FUZZING_ENGINE_value=
ac_cv_env_LT_SYS_LIBRARY_PATH_set=
ac_cv_env_LT_SYS_LIBRARY_PATH_value=
ac_cv_env_build_alias_set=
ac_cv_env_build_alias_value=
ac_cv_env_host_alias_set=
ac_cv_env_host_alias_value=
ac_cv_env_target_alias_set=
ac_cv_env_target_alias_value=
ac_cv_func_malloc_0_nonnull=yes
ac_cv_func_realloc_0_nonnull=yes
ac_cv_func_strdup=yes
ac_cv_func_wcstombs_l=no
ac_cv_header_dlfcn_h=yes
ac_cv_header_inttypes_h=yes
ac_cv_header_memory_h=yes
ac_cv_header_stdc=yes
ac_cv_header_stdint_h=yes
ac_cv_header_stdlib_h=yes
ac_cv_header_string_h=yes
ac_cv_header_strings_h=yes
ac_cv_header_sys_stat_h=yes
ac_cv_header_sys_types_h=yes
ac_cv_header_unistd_h=yes
ac_cv_header_wchar_h=yes
ac_cv_header_xlocale_h=no
ac_cv_host=x86_64-pc-linux-gnu
ac_cv_objext=o
ac_cv_path_EGREP='/usr/bin/grep -E'
ac_cv_path_FGREP='/usr/bin/grep -F'
ac_cv_path_GREP=/usr/bin/grep
ac_cv_path_SED=/usr/bin/sed
ac_cv_path_install='/usr/bin/install -c'
ac_cv_path_lt_DD=/usr/bin/dd
ac_cv_path_mkdir=/usr/bin/mkdir
ac_cv_prog_AWK=gawk
ac_cv_prog_CPP='gcc -E'
ac_cv_prog_CXXCPP='g++ -E'
ac_cv_prog_ac_ct_AR=ar
ac_cv_prog_ac_ct_CC=gcc
ac_cv_prog_ac_ct_CXX=g++
ac_cv_prog_ac_ct_MANIFEST_TOOL=mt
ac_cv_prog_ac_ct_OBJDUMP=objdump
ac_cv_prog_ac_ct_RANLIB=ranlib
ac_cv_prog_ac_ct_STRIP=strip
ac_cv_prog_cc_c89=
ac_cv_prog_cc_c99=
ac_cv_prog_cc_g=yes
ac_cv_prog_cxx_g=yes
ac_cv_prog_make_make_set=yes
ac_cv_type_size_t=yes
acl_cv_path_LD='/usr/bin/ld -m elf_x86_64'
acl_cv_prog_gnu_ld=yes
acl_cv_rpath=done
am_cv_CC_dependencies_compiler_type=gcc3
am_cv_CXX_dependencies_compiler_type=gcc3
am_cv_func_iconv=yes
am_cv_func_iconv_works=yes
am_cv_lib_iconv=no
am_cv_make_support_nested_variables=yes
am_cv_prog_cc_c_o=yes
am_cv_proto_iconv='extern size_t iconv (iconv_t cd, char * *inbuf, size_t *inbytesleft, char * *outbuf, size_t *outbytesleft);'
am_cv_proto_iconv_arg1=
ax_cv_cxx_compile_cxx11__std_gnupp11=yes
lt_cv_ar_at_file=@
lt_cv_archive_cmds_need_lc=no
lt_cv_deplibs_check_method=pass_all
lt_cv_file_magic_cmd='$MAGIC_CMD'
lt_cv_file_magic_test_file=
lt_cv_ld_reload_flag=-r
lt_cv_nm_interface='BSD nm'
lt_cv_objdir=.libs
lt_cv_path_LD=/usr/bin/ld
lt_cv_path_LDCXX='/usr/bin/ld -m elf_x86_64'
lt_cv_path_NM='/usr/bin/nm -B'
lt_cv_path_mainfest_tool=no
lt_cv_prog_compiler_c_o=yes
lt_cv_prog_compiler_c_o_CXX=yes
lt_cv_prog_compiler_pic='-fPIC -DPIC'
lt_cv_prog_compiler_pic_CXX='-fPIC -DPIC'
lt_cv_prog_compiler_pic_works=yes
lt_cv_prog_compiler_pic_works_CXX=yes
lt_cv_prog_compiler_rtti_exceptions=no
lt_cv_prog_compiler_static_works=yes
lt_cv_prog_compiler_static_works_CXX=yes
lt_cv_prog_gnu_ld=yes
lt_cv_prog_gnu_ldcxx=yes
lt_cv_sharedlib_from_linklib_cmd='printf %s\n'
lt_cv_shlibpath_overrides_runpath=yes
lt_cv_sys_global_symbol_pipe='sed -n -e '\''s/^.*[	 ]\([ABCDGIRSTW][ABCDGIRSTW]*\)[	 ][	 ]*\([_A-Za-z][_A-Za-z0-9]*\)$/\1 \2 \2/p'\'' | sed '\''/ __gnu_lto/d'\'''
lt_cv_sys_global_symbol_to_c_name_address='sed -n -e '\''s/^: \(.*\) .*$/  {"\1", (void *) 0},/p'\'' -e '\''s/^[ABCDGIRSTW][ABCDGIRSTW]* .* \(.*\)$/  {"\1", (void *) \&\1},/p'\'''
lt_cv_sys_global_symbol_to_c_name_address_lib_prefix='sed -n -e '\''s/^: \(.*\) .*$/  {"\1", (void *) 0},/p'\'' -e '\''s/^[ABCDGIRSTW][ABCDGIRSTW]* .* \(lib.*\)$/  {"\1", (void *) \&\1},/p'\'' -e '\''s/^[ABCDGIRSTW][ABCDGIRSTW]* .* \(.*\)$/  {"lib\1", (void *) \&\1},/p'\'''
lt_cv_sys_global_symbol_to_cdecl='sed -n -e '\''s/^T .* \(.*\)$/extern int \1();/p'\'' -e '\''s/^[ABCDGIRSTW][ABCDGIRSTW]* .* \(.*\)$/extern char \1;/p'\'''
lt_cv_sys_global_symbol_to_import=
lt_cv_sys_max_cmd_len=1572864
lt_cv_to_host_file_cmd=func_convert_file_noop
lt_cv_to_tool_file_cmd=func_convert_file_noop
lt_cv_truncate_bin='/usr/bin/dd bs=4096 count=1'

## ----------------- ##
## Output variables. ##
## ----------------- ##

ACLOCAL='${SHELL} /home/zz/code/measure/testCode02/cm/libxls-1.6.2/missing aclocal-1.15'
AMDEPBACKSLASH='\'
AMDEP_FALSE='#'
AMDEP_TRUE=''
AMTAR='$${TAR-tar}'
AM_BACKSLASH='\'
AM_DEFAULT_V='$(AM_DEFAULT_VERBOSITY)'
AM_DEFAULT_VERBOSITY='0'
AM_V='$(V)'
AR='ar'
AS='as'
AUTOCONF='${SHELL} /home/zz/code/measure/testCode02/cm/libxls-1.6.2/missing autoconf'
AUTOHEADER='${SHELL} /home/zz/code/measure/testCode02/cm/libxls-1.6.2/missing autoheader'
AUTOMAKE='${SHELL} /home/zz/code/measure/testCode02/cm/libxls-1.6.2/missing automake-1.15'
AWK='gawk'
CC='gcc'
CCDEPMODE='depmode=gcc3'
CFLAGS='-g -O2'
CPP='gcc -E'
CPPFLAGS=''
CXX='g++ -std=gnu++11'
CXXCPP='g++ -E -std=gnu++11'
CXXDEPMODE='depmode=gcc3'
CXXFLAGS='-g -O2'
CYGPATH_W='echo'
DEFS='-DHAVE_CONFIG_H'
DEPDIR='.deps'
DLLTOOL='false'
DSYMUTIL=''
DUMPBIN=''
ECHO_C=''
ECHO_N='-n'
ECHO_T=''
EGREP='/usr/bin/grep -E'
EXEEXT=''
EXTRA_LDFLAGS=''
FGREP='/usr/bin/grep -F'
FUZZER_ENABLED_FALSE=''
FUZZER_ENABLED_TRUE='#'
GREP='/usr/bin/grep'
HAVE_CXX11='1'
HAVE_CXX11_FALSE='#'
HAVE_CXX11_TRUE=''
INSTALL_DATA='${INSTALL} -m 644'
INSTALL_PROGRAM='${INSTALL}'
INSTALL_SCRIPT='${INSTALL}'
INSTALL_STRIP_PROGRAM='$(install_sh) -c -s'
LD='/usr/bin/ld -m elf_x86_64'
LDFLAGS=''
LIBICONV=''
LIBOBJS=''
LIBS=''
LIBTOOL='$(SHELL) $(top_builddir)/libtool'
LIBXLS_LIBS=' '
LIBXLS_MAJOR_VERSION='1'
LIBXLS_MICRO_VERSION='2'
LIBXLS_MINOR_VERSION='6'
LIB_FUZZING_ENGINE=''
LIPO=''
LN_S='ln -s'
LTLIBICONV=''
LTLIBOBJS=''
LT_SYS_LIBRARY_PATH=''
MAKEINFO='${SHELL} /home/zz/code/measure/testCode02/cm/libxls-1.6.2/missing makeinfo'
MANIFEST_TOOL=':'
MKDIR_P='/usr/bin/mkdir -p'
NM='/usr/bin/nm -B'
NMEDIT=''
OBJDUMP='objdump'
OBJEXT='o'
OTOOL64=''
OTOOL=''
PACKAGE='libxls'
PACKAGE_BUGREPORT='https://github.com/libxls/libxls/issues'
PACKAGE_NAME='libxls'
PACKAGE_STRING='libxls 1.6.2'
PACKAGE_TARNAME='libxls'
PACKAGE_URL='https://github.com/libxls/libxls'
PACKAGE_VERSION='1.6.2'
PATH_SEPARATOR=':'
RANLIB='ranlib'
SED='/usr/bin/sed'
SET_MAKE=''
SHELL='/bin/bash'
STRIP='strip'
VERSION='1.6.2'
VERSION_INFO='8:2'
ac_ct_AR='ar'
ac_ct_CC='gcc'
ac_ct_CXX='g++'
ac_ct_DUMPBIN=''
am__EXEEXT_FALSE=''
am__EXEEXT_TRUE='#'
am__fastdepCC_FALSE='#'
am__fastdepCC_TRUE=''
am__fastdepCXX_FALSE='#'
am__fastdepCXX_TRUE=''
am__include='include'
am__isrc=''
am__leading_dot='.'
am__nodep='_no'
am__quote=''
am__tar='$${TAR-tar} chof - "$$tardir"'
am__untar='$${TAR-tar} xf -'
bindir='${exec_prefix}/bin'
build='x86_64-pc-linux-gnu'
build_alias=''
build_cpu='x86_64'
build_os='linux-gnu'
build_vendor='pc'
datadir='${datarootdir}'
datarootdir='${prefix}/share'
docdir='${datarootdir}/doc/${PACKAGE_TARNAME}'
dvidir='${docdir}'
exec_prefix='${prefix}'
host='x86_64-pc-linux-gnu'
host_alias=''
host_cpu='x86_64'
host_os='linux-gnu'
host_vendor='pc'
htmldir='${docdir}'
includedir='${prefix}/include'
infodir='${datarootdir}/info'
install_sh='${SHELL} /home/zz/code/measure/testCode02/cm/libxls-1.6.2/install-sh'
libdir='${exec_prefix}/lib'
libexecdir='${exec_prefix}/libexec'
localedir='${datarootdir}/locale'
localstatedir='${prefix}/var'
mandir='${datarootdir}/man'
mkdir_p='$(MKDIR_P)'
oldincludedir='/usr/include'
pdfdir='${docdir}'
pkgconfigdir='${libdir}/pkgconfig'
prefix='/usr/local'
program_transform_name='s,x,x,'
psdir='${docdir}'
sbindir='${exec_prefix}/sbin'
sharedstatedir='${prefix}/com'
sysconfdir='${prefix}/etc'
target_alias=''

## ----------- ##
## confdefs.h. ##
## ----------- ##

/* confdefs.h */
#define PACKAGE_NAME "libxls"
#define PACKAGE_TARNAME "libxls"
#define PACKAGE_VERSION "1.6.2"
#define PACKAGE_STRING "libxls 1.6.2"
#define PACKAGE_BUGREPORT "https://github.com/libxls/libxls/issues"
#define PACKAGE_URL "https://github.com/libxls/libxls"
#define LIBXLS_MAJOR_VERSION 1
#define LIBXLS_MINOR_VERSION 6
#define LIBXLS_MICRO_VERSION 2
#define PACKAGE "libxls"
#define VERSION "1.6.2"
#define STDC_HEADERS 1
#define HAVE_SYS_TYPES_H 1
#define HAVE_SYS_STAT_H 1
#define HAVE_STDLIB_H 1
#define HAVE_STRING_H 1
#define HAVE_MEMORY_H 1
#define HAVE_STRINGS_H 1
#define HAVE_INTTYPES_H 1
#define HAVE_STDINT_H 1
#define HAVE_UNISTD_H 1
#define HAVE_DLFCN_H 1
#define LT_OBJDIR ".libs/"
#define HAVE_CXX11 1
#define HAVE_STRDUP 1
#define HAVE_WCHAR_H 1
#define HAVE_STDLIB_H 1
#define HAVE_MALLOC 1
#define HAVE_STDLIB_H 1
#define HAVE_REALLOC 1
#define HAVE_ICONV 1
#define ICONV_CONST 

configure: exit 0
